Build started 12/9/2012 3:15:41 PM.
     1>Project "C:\Users\Arno\Documents\CUDASPHNEW\CUDASPHNEW\CUDASPHNEW.vcxproj" on node 2 (build target(s)).
     1>InitializeBuildStatus:
         Creating "Debug\CUDASPHNEW.unsuccessfulbuild" because "AlwaysCreate" was specified.
       AddCudaCompileDeps:
         C:\Program Files (x86)\Microsoft Visual Studio 10.0\VC\bin\cl.exe /E /nologo /showIncludes /TP /D__CUDACC__ /D_MBCS /I"C:\Program Files\NVIDIA GPU Computing Toolkit\CUDA\v5.0\include" /I"C:\Program Files\NVIDIA GPU Computing Toolkit\CUDA\v5.0\bin" /I"C:\Program Files\NVIDIA GPU Computing Toolkit\CUDA\v5.0\include" /I. /FIcuda_runtime.h /c C:\Users\Arno\Documents\CUDASPHNEW\CUDASPHNEW\particle_simulation.cu 
       AddCudaCompilePropsDeps:
         Found "CudaToolkitCustomDir".
         Found "AdditionalDeps".
         Found "CompileOut".
         Found "Include".
         Found "UseHostInclude".
         Found "Keep".
         Found "KeepDir".
         Found "GenerateRelocatableDeviceCode".
         Found "NvccCompilation".
         Found "NvccPath".
         Found "RequiredIncludes".
         Found "TargetMachinePlatform".
         Found "CInterleavedPTX".
         Found "CodeGeneration".
         Found "GPUDebugInfo".
         Found "GenerateLineInfo".
         Found "MaxRegCount".
         Found "PtxAsOptionV".
         Found "AdditionalCompilerOptions".
         Found "Defines".
         Found "UseHostDefines".
         Found "Emulation".
         Found "HostDebugInfo".
         Found "FastMath".
         Found "Optimization".
         Found "Runtime".
         Found "RuntimeChecks".
         Found "TypeInfo".
         Found "Warning".
         Found "AdditionalOptions".
         Found "CommandLineTemplate".
         Found "PerformDeviceLink".
         Found "LinkOut".
         Found "AdditionalLibraryDirectories".
         Found "UseHostLibraryDirectories".
         Found "AdditionalDependencies".
         Found "UseHostLibraryDependencies".
         Found "GPUDebugInfo".
         Found "Optimization".
         Found "CodeGeneration".
         Found "TargetMachinePlatform".
         Found "Warning".
         Found "RuntimeChecks".
         Found "Runtime".
         Found "TypeInfo".
         Found "AdditionalCompilerOptions".
         Found "Inputs".
         Found "AdditionalOptions".
         Found "CommandLineTemplate".
       CudaBuild:
         Compiling CUDA source file particle_simulation.cu...
         cmd.exe /C "C:\Users\Arno\AppData\Local\Temp\a033e581dd1e4ece9b7785d10958bab9.cmd"
         "C:\Program Files\NVIDIA GPU Computing Toolkit\CUDA\v5.0\bin\nvcc.exe" -gencode=arch=compute_10,code=\"sm_10,compute_10\" --use-local-env --cl-version 2010 -ccbin "C:\Program Files (x86)\Microsoft Visual Studio 10.0\VC\bin"  -I"C:\Program Files\NVIDIA GPU Computing Toolkit\CUDA\v5.0\include" -I"C:\Program Files\NVIDIA GPU Computing Toolkit\CUDA\v5.0\include"  -G   --keep-dir "Debug" -maxrregcount=0  --machine 32 --compile  -g   -D_MBCS -Xcompiler "/EHsc /W3 /nologo /Od /Zi /RTC1 /MDd  " -o "Debug\particle_simulation.cu.obj" "C:\Users\Arno\Documents\CUDASPHNEW\CUDASPHNEW\particle_simulation.cu"
         
         C:\Users\Arno\Documents\CUDASPHNEW\CUDASPHNEW>"C:\Program Files\NVIDIA GPU Computing Toolkit\CUDA\v5.0\bin\nvcc.exe" -gencode=arch=compute_10,code=\"sm_10,compute_10\" --use-local-env --cl-version 2010 -ccbin "C:\Program Files (x86)\Microsoft Visual Studio 10.0\VC\bin"  -I"C:\Program Files\NVIDIA GPU Computing Toolkit\CUDA\v5.0\include" -I"C:\Program Files\NVIDIA GPU Computing Toolkit\CUDA\v5.0\include"  -G   --keep-dir "Debug" -maxrregcount=0  --machine 32 --compile  -g   -D_MBCS -Xcompiler "/EHsc /W3 /nologo /Od /Zi /RTC1 /MDd  " -o "Debug\particle_simulation.cu.obj" "C:\Users\Arno\Documents\CUDASPHNEW\CUDASPHNEW\particle_simulation.cu" 
         particle_simulation.cu
         tmpxft_00000af4_00000000-2_particle_simulation.cudafe1.gpu
         tmpxft_00000af4_00000000-7_particle_simulation.cudafe2.gpu
         particle_simulation.cu
     1>C:\Program Files\NVIDIA GPU Computing Toolkit\CUDA\v5.0\include\thrust/detail/swap.inl(27): warning : Cannot tell what pointer points to, assuming global memory space
     1>C:\Program Files\NVIDIA GPU Computing Toolkit\CUDA\v5.0\include\thrust/detail/swap.inl(28): warning : Cannot tell what pointer points to, assuming global memory space
     1>C:\Program Files\NVIDIA GPU Computing Toolkit\CUDA\v5.0\include\thrust/detail/swap.inl(28): warning : Cannot tell what pointer points to, assuming global memory space
     1>C:\Program Files\NVIDIA GPU Computing Toolkit\CUDA\v5.0\include\thrust/detail/swap.inl(29): warning : Cannot tell what pointer points to, assuming global memory space
     1>C:\Program Files\NVIDIA GPU Computing Toolkit\CUDA\v5.0\include\thrust/detail/swap.inl(27): warning : Cannot tell what pointer points to, assuming global memory space
     1>C:\Program Files\NVIDIA GPU Computing Toolkit\CUDA\v5.0\include\thrust/detail/swap.inl(28): warning : Cannot tell what pointer points to, assuming global memory space
     1>C:\Program Files\NVIDIA GPU Computing Toolkit\CUDA\v5.0\include\thrust/detail/swap.inl(28): warning : Cannot tell what pointer points to, assuming global memory space
     1>C:\Program Files\NVIDIA GPU Computing Toolkit\CUDA\v5.0\include\thrust/detail/swap.inl(29): warning : Cannot tell what pointer points to, assuming global memory space
         tmpxft_00000af4_00000000-2_particle_simulation.cudafe1.cpp
         tmpxft_00000af4_00000000-12_particle_simulation.ii
     1>C:/Users/Arno/Documents/CUDASPHNEW/CUDASPHNEW/particle_simulation.cu(596): warning C4244: 'argument' : conversion from 'double' to 'float', possible loss of data
     1>C:/Users/Arno/Documents/CUDASPHNEW/CUDASPHNEW/particle_simulation.cu(600): warning C4244: '=' : conversion from 'double' to 'float', possible loss of data
     1>C:/Users/Arno/Documents/CUDASPHNEW/CUDASPHNEW/particle_simulation.cu(601): warning C4244: '=' : conversion from 'double' to 'float', possible loss of data
     1>C:/Users/Arno/Documents/CUDASPHNEW/CUDASPHNEW/particle_simulation.cu(602): warning C4244: '=' : conversion from 'double' to 'float', possible loss of data
     1>C:/Users/Arno/Documents/CUDASPHNEW/CUDASPHNEW/particle_simulation.cu(603): warning C4244: '=' : conversion from 'double' to 'float', possible loss of data
     1>C:/Users/Arno/Documents/CUDASPHNEW/CUDASPHNEW/particle_simulation.cu(604): warning C4244: '=' : conversion from 'double' to 'float', possible loss of data
     1>C:/Users/Arno/Documents/CUDASPHNEW/CUDASPHNEW/particle_simulation.cu(605): warning C4305: '=' : truncation from 'double' to 'float'
     1>C:/Users/Arno/Documents/CUDASPHNEW/CUDASPHNEW/particle_simulation.cu(754): warning C4244: 'argument' : conversion from 'double' to 'float', possible loss of data
     1>C:/Users/Arno/Documents/CUDASPHNEW/CUDASPHNEW/particle_simulation.cu(873): warning C4018: '<' : signed/unsigned mismatch
     1>C:/Users/Arno/Documents/CUDASPHNEW/CUDASPHNEW/particle_simulation.cu(991): warning C4244: 'initializing' : conversion from 'double' to 'unsigned int', possible loss of data
         Deleting file "tmpxft_00000af4_00000000-8_particle_simulation.cpp3.o".
       ClCompile:
         All outputs are up-to-date.
         C:\Program Files (x86)\Microsoft Visual Studio 10.0\VC\bin\CL.exe /c /I"C:\Program Files\NVIDIA GPU Computing Toolkit\CUDA\v5.0\include" /ZI /nologo /W3 /WX- /Od /Oy- /D _MBCS /Gm /EHsc /RTC1 /MDd /GS /fp:precise /Zc:wchar_t /Zc:forScope /Fo"Debug\\" /Fd"Debug\vc100.pdb" /Gd /TP /analyze- /errorReport:prompt main.cpp particle_renderer.cpp
         main.cpp
         Generating Code...
         Compiling...
         particle_renderer.cpp
         Generating Code...
       ManifestResourceCompile:
         All outputs are up-to-date.
       Link:
         C:\Program Files (x86)\Microsoft Visual Studio 10.0\VC\bin\link.exe /ERRORREPORT:PROMPT /OUT:"C:\Users\Arno\Documents\CUDASPHNEW\Debug\CUDASPHNEW.exe" /INCREMENTAL /NOLOGO /LIBPATH:"C:\Program Files\NVIDIA GPU Computing Toolkit\CUDA\v5.0\lib\Win32" glew32.lib cudart.lib kernel32.lib user32.lib gdi32.lib winspool.lib comdlg32.lib advapi32.lib shell32.lib ole32.lib oleaut32.lib uuid.lib odbc32.lib odbccp32.lib kernel32.lib user32.lib gdi32.lib winspool.lib comdlg32.lib advapi32.lib shell32.lib ole32.lib oleaut32.lib uuid.lib odbc32.lib odbccp32.lib /MANIFEST /ManifestFile:"Debug\CUDASPHNEW.exe.intermediate.manifest" /MANIFESTUAC:"level='asInvoker' uiAccess='false'" /DEBUG /PDB:"C:\Users\Arno\Documents\CUDASPHNEW\Debug\CUDASPHNEW.pdb" /SUBSYSTEM:CONSOLE /TLBID:1 /DYNAMICBASE /NXCOMPAT /IMPLIB:"C:\Users\Arno\Documents\CUDASPHNEW\Debug\CUDASPHNEW.lib" /MACHINE:X86 Debug\particle_simulation.cu.obj
         Debug\CUDASPHNEW.exe.embed.manifest.res
         Debug\clock.obj
         Debug\error.obj
         Debug\geometry.obj
         Debug\math.obj
         Debug\opengl.obj
         Debug\main.obj
         Debug\particle_renderer.obj
       Manifest:
         C:\Program Files (x86)\Microsoft SDKs\Windows\v7.0A\bin\mt.exe /nologo /verbose /out:"Debug\CUDASPHNEW.exe.embed.manifest" /manifest Debug\CUDASPHNEW.exe.intermediate.manifest
         All outputs are up-to-date.
       LinkEmbedManifest:
         All outputs are up-to-date.
         CUDASPHNEW.vcxproj -> C:\Users\Arno\Documents\CUDASPHNEW\Debug\CUDASPHNEW.exe
       PostBuildEvent:
         echo copy "C:\Program Files\NVIDIA GPU Computing Toolkit\CUDA\v5.0\bin\cudart*.dll" "C:\Users\Arno\Documents\CUDASPHNEW\Debug\"
         copy "C:\Program Files\NVIDIA GPU Computing Toolkit\CUDA\v5.0\bin\cudart*.dll" "C:\Users\Arno\Documents\CUDASPHNEW\Debug\"
         :VCEnd
         copy "C:\Program Files\NVIDIA GPU Computing Toolkit\CUDA\v5.0\bin\cudart*.dll" "C:\Users\Arno\Documents\CUDASPHNEW\Debug\"
         C:\Program Files\NVIDIA GPU Computing Toolkit\CUDA\v5.0\bin\cudart32_50_35.dll
         C:\Program Files\NVIDIA GPU Computing Toolkit\CUDA\v5.0\bin\cudart64_50_35.dll
                 2 file(s) copied.
       FinalizeBuildStatus:
         Deleting file "Debug\CUDASPHNEW.unsuccessfulbuild".
         Touching "Debug\CUDASPHNEW.lastbuildstate".
     1>Done Building Project "C:\Users\Arno\Documents\CUDASPHNEW\CUDASPHNEW\CUDASPHNEW.vcxproj" (build target(s)).

Build succeeded.

Time Elapsed 00:00:42.21
